  [1m[36m (0.1ms)[0m  [1mselect sqlite_version(*)[0m
  [1m[35m (1.5ms)[0m  CREATE TABLE "schema_migrations" ("version" varchar(255) NOT NULL) 
  [1m[36m (0.0ms)[0m  [1mPRAGMA index_list("schema_migrations")[0m
  [1m[35m (1.0ms)[0m  CREATE UNIQUE INDEX "unique_schema_migrations" ON "schema_migrations" ("version")
  [1m[36m (0.1ms)[0m  [1mSELECT "schema_migrations"."version" FROM "schema_migrations" [0m
Migrating to CreateEmails (20110801151741)
  [1m[35m (0.3ms)[0m  CREATE TABLE "emails" ("id" INTEGER PRIMARY KEY AUTOINCREMENT NOT NULL, "from_address" varchar(255) NOT NULL, "to_address" varchar(255), "cc_address" varchar(255), "bcc_address" varchar(255), "reply_to_address" varchar(255), "subject" varchar(255), "content" text, "sent_at" datetime, "delayed_job_id" integer, "created_at" datetime, "updated_at" datetime) 
  [1m[36m (0.1ms)[0m  [1mINSERT INTO "schema_migrations" ("version") VALUES ('20110801151741')[0m
  [1m[35m (0.0ms)[0m  select sqlite_version(*)
  [1m[36m (0.1ms)[0m  [1mSELECT "schema_migrations"."version" FROM "schema_migrations" [0m
  [1m[35m (0.0ms)[0m  PRAGMA index_list("emails")
  [1m[36m (0.1ms)[0m  [1mSELECT "schema_migrations"."version" FROM "schema_migrations" [0m
  [1m[35m (0.0ms)[0m  select sqlite_version(*)
  [1m[36m (2.0ms)[0m  [1mCREATE TABLE "emails" ("id" INTEGER PRIMARY KEY AUTOINCREMENT NOT NULL, "from_address" varchar(255) NOT NULL, "to_address" varchar(255), "cc_address" varchar(255), "bcc_address" varchar(255), "reply_to_address" varchar(255), "subject" varchar(255), "content" text, "sent_at" datetime, "delayed_job_id" integer, "created_at" datetime, "updated_at" datetime) [0m
  [1m[35m (1.8ms)[0m  CREATE TABLE "schema_migrations" ("version" varchar(255) NOT NULL) 
  [1m[36m (0.0ms)[0m  [1mPRAGMA index_list("schema_migrations")[0m
  [1m[35m (1.4ms)[0m  CREATE UNIQUE INDEX "unique_schema_migrations" ON "schema_migrations" ("version")
  [1m[36m (0.1ms)[0m  [1mSELECT version FROM "schema_migrations"[0m
  [1m[35m (79.0ms)[0m  INSERT INTO "schema_migrations" (version) VALUES ('20110801151741')
  [1m[36m (0.1ms)[0m  [1mSELECT "schema_migrations"."version" FROM "schema_migrations" [0m
  [1m[35m (0.0ms)[0m  select sqlite_version(*)
  [1m[36m (1.8ms)[0m  [1mCREATE TABLE "emails" ("id" INTEGER PRIMARY KEY AUTOINCREMENT NOT NULL, "from_address" varchar(255) NOT NULL, "to_address" varchar(255), "cc_address" varchar(255), "bcc_address" varchar(255), "reply_to_address" varchar(255), "subject" varchar(255), "content" text, "sent_at" datetime, "delayed_job_id" integer, "created_at" datetime, "updated_at" datetime) [0m
  [1m[35m (1.8ms)[0m  CREATE TABLE "schema_migrations" ("version" varchar(255) NOT NULL) 
  [1m[36m (0.0ms)[0m  [1mPRAGMA index_list("schema_migrations")[0m
  [1m[35m (1.5ms)[0m  CREATE UNIQUE INDEX "unique_schema_migrations" ON "schema_migrations" ("version")
  [1m[36m (0.1ms)[0m  [1mSELECT version FROM "schema_migrations"[0m
  [1m[35m (1.0ms)[0m  INSERT INTO "schema_migrations" (version) VALUES ('20110801151741')
  [1m[36m (0.1ms)[0m  [1mSELECT "schema_migrations"."version" FROM "schema_migrations" [0m
  [1m[35m (0.0ms)[0m  select sqlite_version(*)
  [1m[36m (1.6ms)[0m  [1mCREATE TABLE "emails" ("id" INTEGER PRIMARY KEY AUTOINCREMENT NOT NULL, "from_address" varchar(255) NOT NULL, "to_address" varchar(255), "cc_address" varchar(255), "bcc_address" varchar(255), "reply_to_address" varchar(255), "subject" varchar(255), "content" text, "sent_at" datetime, "delayed_job_id" integer, "created_at" datetime, "updated_at" datetime) [0m
  [1m[35m (11.9ms)[0m  CREATE TABLE "schema_migrations" ("version" varchar(255) NOT NULL) 
  [1m[36m (0.0ms)[0m  [1mPRAGMA index_list("schema_migrations")[0m
  [1m[35m (1.2ms)[0m  CREATE UNIQUE INDEX "unique_schema_migrations" ON "schema_migrations" ("version")
  [1m[36m (0.1ms)[0m  [1mSELECT version FROM "schema_migrations"[0m
  [1m[35m (1.0ms)[0m  INSERT INTO "schema_migrations" (version) VALUES ('20110801151741')
  [1m[36m (0.1ms)[0m  [1mSELECT "schema_migrations"."version" FROM "schema_migrations" [0m
  [1m[35m (0.1ms)[0m  SELECT "schema_migrations"."version" FROM "schema_migrations" 
Migrating to CreateEmails (20110801151741)
  [1m[36m (0.0ms)[0m  [1mselect sqlite_version(*)[0m
  [1m[35m (0.9ms)[0m  DROP TABLE "emails"
  [1m[36m (0.1ms)[0m  [1mDELETE FROM "schema_migrations" WHERE "schema_migrations"."version" = '20110801151741'[0m
  [1m[35m (0.1ms)[0m  select sqlite_version(*)
  [1m[36m (0.1ms)[0m  [1mSELECT "schema_migrations"."version" FROM "schema_migrations" [0m
  [1m[35m (0.1ms)[0m  SELECT "schema_migrations"."version" FROM "schema_migrations" 
Migrating to CreateEmails (20110801151741)
  [1m[36m (0.3ms)[0m  [1mCREATE TABLE "emails" ("id" INTEGER PRIMARY KEY AUTOINCREMENT NOT NULL, "from_address" varchar(255) NOT NULL, "to_address" varchar(255), "cc_address" varchar(255), "bcc_address" varchar(255), "reply_to_address" varchar(255), "subject" varchar(255), "content" text, "sent_at" datetime, "created_at" datetime, "updated_at" datetime) [0m
  [1m[35m (0.1ms)[0m  INSERT INTO "schema_migrations" ("version") VALUES ('20110801151741')
  [1m[36m (0.1ms)[0m  [1mselect sqlite_version(*)[0m
  [1m[35m (0.1ms)[0m  SELECT "schema_migrations"."version" FROM "schema_migrations" 
  [1m[36m (0.0ms)[0m  [1mPRAGMA index_list("emails")[0m
  [1m[36m (0.1ms)[0m  [1mSELECT "schema_migrations"."version" FROM "schema_migrations" [0m
  [1m[35m (2.4ms)[0m  DROP TABLE "emails"
  [1m[36m (1.1ms)[0m  [1mDELETE FROM "schema_migrations" WHERE "schema_migrations"."version" = '20110801151741'[0m
  [1m[35m (0.1ms)[0m  select sqlite_version(*)
  [1m[36m (0.1ms)[0m  [1mSELECT "schema_migrations"."version" FROM "schema_migrations" [0m
  [1m[36m (0.1ms)[0m  [1mSELECT "schema_migrations"."version" FROM "schema_migrations" [0m
Migrating to CreateEmails (20110916191655)
  [1m[35m (0.0ms)[0m  select sqlite_version(*)
  [1m[36m (0.3ms)[0m  [1mCREATE TABLE "emails" ("id" INTEGER PRIMARY KEY AUTOINCREMENT NOT NULL, "from_address" varchar(255) NOT NULL, "reply_to_address" varchar(255), "subject" varchar(255), "to_address" text, "cc_address" text, "bcc_address" text, "content" text, "sent_at" datetime, "created_at" datetime, "updated_at" datetime) [0m
  [1m[35m (0.1ms)[0m  INSERT INTO "schema_migrations" ("version") VALUES ('20110916191655')
  [1m[36m (0.0ms)[0m  [1mselect sqlite_version(*)[0m
  [1m[35m (0.1ms)[0m  SELECT "schema_migrations"."version" FROM "schema_migrations" 
  [1m[36m (0.0ms)[0m  [1mPRAGMA index_list("emails")[0m
